Arguments: 
  /usr/local/bin/node /usr/local/bin/yarn install

PATH: 
  /usr/local/bin:/usr/bin:/bin:/usr/sbin:/sbin

Yarn version: 
  1.22.10

Node version: 
  14.16.0

Platform: 
  darwin x64

Trace: 
  Error: https://obscure-waters-60500.herokuapp.com/express: tunneling socket could not be established, cause=getaddrinfo ENOTFOUND proxy-url
      at ClientRequest.onError (/usr/local/lib/node_modules/yarn/lib/cli.js:152235:17)
      at Object.onceWrapper (events.js:422:26)
      at ClientRequest.emit (events.js:315:20)
      at Socket.socketErrorListener (_http_client.js:469:9)
      at Socket.emit (events.js:315:20)
      at emitErrorNT (internal/streams/destroy.js:106:8)
      at emitErrorCloseNT (internal/streams/destroy.js:74:3)
      at processTicksAndRejections (internal/process/task_queues.js:80:21)

npm manifest: 
  {
    "name": "tinder-for-sport-backend",
    "version": "1.0.0",
    "description": "Not only abs also the back matters",
    "main": "index.js",
    "scripts": {
      "test": "echo \"Error: no test specified\" && exit 1",
      "dev": "nodemon server.js"
    },
    "repository": {
      "type": "git",
      "url": "git+https://github.com/Baruch-Karlin/tinder-for-sport-backend.git"
    },
    "author": "",
    "license": "ISC",
    "bugs": {
      "url": "https://github.com/Baruch-Karlin/tinder-for-sport-backend/issues"
    },
    "homepage": "https://github.com/Baruch-Karlin/tinder-for-sport-backend#readme",
    "dependencies": {
      "express": "^4.17.1",
      "mongodb": "^3.6.6",
      "ajv": "^8.3.0",
      "bcrypt": "^5.0.1",
      "cors": "^2.8.5",
      "fluent-json-schema": "^3.0.0",
      "jsonwebtoken": "^8.5.1",
      "uuid": "^8.3.2"
    },
    "devDependencies": {
      "nodemon": "^2.0.7"
    }
  }

yarn manifest: 
  No manifest

Lockfile: 
  No lockfile
